<?xml version="1.0" encoding="UTF-8"?>
<testsuite xmlns:xsi="http://www.w3.org/2001/XMLSchema-instance" xsi:noNamespaceSchemaLocation="https://maven.apache.org/surefire/maven-surefire-plugin/xsd/surefire-test-report.xsd" version="3.0.2" name="LoginTest" time="0.543" tests="20" errors="0" skipped="0" failures="0">
  <properties>
[...]
</properties>
  <testcase name="testLoginUser_IncorrectUsername" classname="LoginTest" time="0.14"/>
  <testcase name="testReturnLoginStatus_LoggedIn" classname="LoginTest" time="0.032"/>
  <testcase name="testCheckPasswordComplexity_TooShort" classname="LoginTest" time="0.01"/>
  <testcase name="testCheckUserName_ValidUsername" classname="LoginTest" time="0.012"/>
  <testcase name="testRegisterUser_Success" classname="LoginTest" time="0.01"/>
  <testcase name="testLoginUser_IncorrectPassword" classname="LoginTest" time="0.015"/>
  <testcase name="testCheckPasswordComplexity_NoSpecialChar" classname="LoginTest" time="0.01"/>
  <testcase name="testCheckCellPhoneNumber_Valid" classname="LoginTest" time="0.006"/>
  <testcase name="testCheckPasswordComplexity_NoNumber" classname="LoginTest" time="0.004"/>
  <testcase name="testCheckPasswordComplexity_Valid" classname="LoginTest" time="0.003"/>
  <testcase name="testCheckUserName_NoUnderscore" classname="LoginTest" time="0.003"/>
  <testcase name="testRegisterUser_InvalidUsername" classname="LoginTest" time="0.009"/>
  <testcase name="testReturnLoginStatus_NotLoggedIn" classname="LoginTest" time="0.003"/>
  <testcase name="testCheckCellPhoneNumber_TooManyDigits" classname="LoginTest" time="0.003"/>
  <testcase name="testLoginUser_CorrectCredentials" classname="LoginTest" time="0.006"/>
  <testcase name="testRegisterUser_InvalidCellNumber" classname="LoginTest" time="0.003"/>
  <testcase name="testCheckPasswordComplexity_NoCapital" classname="LoginTest" time="0.003"/>
  <testcase name="testCheckCellPhoneNumber_MissingInternationalCode" classname="LoginTest" time="0.002"/>
  <testcase name="testCheckUserName_TooLong" classname="LoginTest" time="0.005"/>
  <testcase name="testRegisterUser_InvalidPassword" classname="LoginTest" time="0.019"/>
</testsuite>