<?xml version="1.0" encoding="UTF-8"?>
<testsuite xmlns:xsi="http://www.w3.org/2001/XMLSchema-instance" xsi:noNamespaceSchemaLocation="https://maven.apache.org/surefire/maven-surefire-plugin/xsd/surefire-test-report.xsd" version="3.0.2" name="Login.LoginTest" time="1.675" tests="20" errors="0" skipped="0" failures="3">
  <properties>
[...]
</properties>
  <testcase name="testLoginUser_IncorrectUsername" classname="Login.LoginTest" time="0.265"/>
  <testcase name="testReturnLoginStatus_LoggedIn" classname="Login.LoginTest" time="0.373"/>
  <testcase name="testCheckPasswordComplexity_TooShort" classname="Login.LoginTest" time="0.011"/>
  <testcase name="testCheckUserName_ValidUsername" classname="Login.LoginTest" time="0.006"/>
  <testcase name="testRegisterUser_Success" classname="Login.LoginTest" time="0.067">
    <failure message="expected: &lt;Username successfully captured.&#10;Password successfully captured.&#10;Cell phone number successfully added.&gt; but was: &lt;Username is not correctly formatted; please ensure that your username contains an underscore and is no more than five characters in length.&gt;" type="org.opentest4j.AssertionFailedError"><![CDATA[org.opentest4j.AssertionFailedError: 
expected: <Username successfully captured.
Password successfully captured.
Cell phone number successfully added.> but was: <Username is not correctly formatted; please ensure that your username contains an underscore and is no more than five characters in length.>
	at org.junit.jupiter.api.AssertionFailureBuilder.build(AssertionFailureBuilder.java:151)
	at org.junit.jupiter.api.AssertionFailureBuilder.buildAndThrow(AssertionFailureBuilder.java:132)
	at org.junit.jupiter.api.AssertEquals.failNotEqual(AssertEquals.java:197)
	at org.junit.jupiter.api.AssertEquals.assertEquals(AssertEquals.java:182)
	at org.junit.jupiter.api.AssertEquals.assertEquals(AssertEquals.java:177)
	at org.junit.jupiter.api.Assertions.assertEquals(Assertions.java:1145)
	at Login.LoginTest.testRegisterUser_Success(LoginTest.java:104)
	at java.base/java.lang.reflect.Method.invoke(Method.java:565)
	at java.base/java.util.ArrayList.forEach(ArrayList.java:1612)
	at java.base/java.util.ArrayList.forEach(ArrayList.java:1612)
]]></failure>
  </testcase>
  <testcase name="testLoginUser_IncorrectPassword" classname="Login.LoginTest" time="0.025"/>
  <testcase name="testCheckPasswordComplexity_NoSpecialChar" classname="Login.LoginTest" time="0.021"/>
  <testcase name="testCheckCellPhoneNumber_Valid" classname="Login.LoginTest" time="0.047"/>
  <testcase name="testCheckPasswordComplexity_NoNumber" classname="Login.LoginTest" time="0.016"/>
  <testcase name="testCheckPasswordComplexity_Valid" classname="Login.LoginTest" time="0.013"/>
  <testcase name="testCheckUserName_NoUnderscore" classname="Login.LoginTest" time="0.015"/>
  <testcase name="testRegisterUser_InvalidUsername" classname="Login.LoginTest" time="0.015"/>
  <testcase name="testReturnLoginStatus_NotLoggedIn" classname="Login.LoginTest" time="0.015"/>
  <testcase name="testCheckCellPhoneNumber_TooManyDigits" classname="Login.LoginTest" time="0.007"/>
  <testcase name="testLoginUser_CorrectCredentials" classname="Login.LoginTest" time="0.011"/>
  <testcase name="testRegisterUser_InvalidCellNumber" classname="Login.LoginTest" time="0.026">
    <failure message="expected: &lt;Cell phone number incorrectly formatted or does not contain international code.&gt; but was: &lt;Username is not correctly formatted; please ensure that your username contains an underscore and is no more than five characters in length.&gt;" type="org.opentest4j.AssertionFailedError"><![CDATA[org.opentest4j.AssertionFailedError: expected: <Cell phone number incorrectly formatted or does not contain international code.> but was: <Username is not correctly formatted; please ensure that your username contains an underscore and is no more than five characters in length.>
	at org.junit.jupiter.api.AssertionFailureBuilder.build(AssertionFailureBuilder.java:151)
	at org.junit.jupiter.api.AssertionFailureBuilder.buildAndThrow(AssertionFailureBuilder.java:132)
	at org.junit.jupiter.api.AssertEquals.failNotEqual(AssertEquals.java:197)
	at org.junit.jupiter.api.AssertEquals.assertEquals(AssertEquals.java:182)
	at org.junit.jupiter.api.AssertEquals.assertEquals(AssertEquals.java:177)
	at org.junit.jupiter.api.Assertions.assertEquals(Assertions.java:1145)
	at Login.LoginTest.testRegisterUser_InvalidCellNumber(LoginTest.java:134)
	at java.base/java.lang.reflect.Method.invoke(Method.java:565)
	at java.base/java.util.ArrayList.forEach(ArrayList.java:1612)
	at java.base/java.util.ArrayList.forEach(ArrayList.java:1612)
]]></failure>
  </testcase>
  <testcase name="testCheckPasswordComplexity_NoCapital" classname="Login.LoginTest" time="0.009"/>
  <testcase name="testCheckCellPhoneNumber_MissingInternationalCode" classname="Login.LoginTest" time="0.006"/>
  <testcase name="testCheckUserName_TooLong" classname="Login.LoginTest" time="0.008"/>
  <testcase name="testRegisterUser_InvalidPassword" classname="Login.LoginTest" time="0.032">
    <failure message="expected: &lt;Password is not correctly formatted; please ensure that the password contains at least eight characters, a capital letter, a number, and a special character.&gt; but was: &lt;Username is not correctly formatted; please ensure that your username contains an underscore and is no more than five characters in length.&gt;" type="org.opentest4j.AssertionFailedError"><![CDATA[org.opentest4j.AssertionFailedError: expected: <Password is not correctly formatted; please ensure that the password contains at least eight characters, a capital letter, a number, and a special character.> but was: <Username is not correctly formatted; please ensure that your username contains an underscore and is no more than five characters in length.>
	at org.junit.jupiter.api.AssertionFailureBuilder.build(AssertionFailureBuilder.java:151)
	at org.junit.jupiter.api.AssertionFailureBuilder.buildAndThrow(AssertionFailureBuilder.java:132)
	at org.junit.jupiter.api.AssertEquals.failNotEqual(AssertEquals.java:197)
	at org.junit.jupiter.api.AssertEquals.assertEquals(AssertEquals.java:182)
	at org.junit.jupiter.api.AssertEquals.assertEquals(AssertEquals.java:177)
	at org.junit.jupiter.api.Assertions.assertEquals(Assertions.java:1145)
	at Login.LoginTest.testRegisterUser_InvalidPassword(LoginTest.java:124)
	at java.base/java.lang.reflect.Method.invoke(Method.java:565)
	at java.base/java.util.ArrayList.forEach(ArrayList.java:1612)
	at java.base/java.util.ArrayList.forEach(ArrayList.java:1612)
]]></failure>
  </testcase>
</testsuite>